[0m13:05:55.600030 [debug] [MainThread]: Sending event: {'category': 'dbt', 'action': 'invocation', 'label': 'start', 'context': [<snowplow_tracker.self_describing_json.SelfDescribingJson object at 0x10ac44d90>, <snowplow_tracker.self_describing_json.SelfDescribingJson object at 0x10d6c1a50>, <snowplow_tracker.self_describing_json.SelfDescribingJson object at 0x10d5f9590>]}


============================== 13:05:55.616830 | 5a9050b0-2472-437a-a2a8-3033ed1f494d ==============================
[0m13:05:55.616830 [info ] [MainThread]: Running with dbt=1.11.11
[0m13:05:55.617183 [debug] [MainThread]: running dbt with arguments {'fail_fast': 'False', 'introspect': 'True', 'use_colors': 'True', 'partial_parse': 'True', 'log_cache_events': 'False', 'static_parser': 'True', 'empty': 'None', 'no_print': 'None', 'indirect_selection': 'eager', 'write_json': 'True', 'log_path': 'logs', 'use_experimental_parser': 'False', 'printer_width': '80', 'debug': 'False', 'profiles_dir': '/Users/pablodelacruz/.dbt', 'quiet': 'False', 'warn_error_options': 'WarnErrorOptionsV2(error=[], warn=[], silence=[])', 'warn_error': 'None', 'target_path': 'None', 'send_anonymous_usage_stats': 'True', 'version_check': 'True', 'invocation_command': 'dbt init football_analytics', 'cache_selected_only': 'False', 'log_format': 'default'}
[0m13:05:55.645985 [info ] [MainThread]: Creating dbt configuration folder at /Users/pablodelacruz/.dbt
[0m13:05:55.647240 [debug] [MainThread]: Starter project path: /Users/pablodelacruz/Essentials/Projects/football-analytics/.venv/lib/python3.11/site-packages/dbt/include/starter_project
[0m13:05:55.651971 [info ] [MainThread]: 
Your new dbt project "football_analytics" was created!

For more information on how to configure the profiles.yml file,
please consult the dbt documentation here:

  https://docs.getdbt.com/docs/configure-your-profile

One more thing:

Need help? Don't hesitate to reach out to us via GitHub issues or on Slack:

  https://community.getdbt.com/

Happy modeling!

[0m13:05:55.652230 [info ] [MainThread]: Setting up your profile.
[0m13:08:44.561700 [info ] [MainThread]: Profile football_analytics written to /Users/pablodelacruz/.dbt/profiles.yml using target's sample configuration. Once updated, you'll be able to start developing with dbt.
[0m13:08:44.564582 [debug] [MainThread]: Resource report: {"command_name": "init", "command_success": true, "command_wall_clock_time": 169.0142, "process_in_blocks": "0", "process_kernel_time": 0.431311, "process_mem_max_rss": "134610944", "process_out_blocks": "0", "process_user_time": 1.324806}
[0m13:08:44.564928 [debug] [MainThread]: Command `dbt init` succeeded at 13:08:44.564850 after 169.02 seconds
[0m13:08:44.565277 [debug] [MainThread]: Sending event: {'category': 'dbt', 'action': 'invocation', 'label': 'end', 'context': [<snowplow_tracker.self_describing_json.SelfDescribingJson object at 0x1053c7510>, <snowplow_tracker.self_describing_json.SelfDescribingJson object at 0x10d74d950>, <snowplow_tracker.self_describing_json.SelfDescribingJson object at 0x10d72c2d0>]}
[0m13:08:44.565750 [debug] [MainThread]: Flushing usage events
[0m13:08:45.136353 [debug] [MainThread]: An error was encountered while trying to flush usage events
